2019-09-26 22:52:35,785 0      [           main] INFO  ClassPathXmlApplicationContext  - Refreshing org.springframework.context.support.ClassPathXmlApplicationContext@566776ad: startup date [Thu Sep 26 22:52:35 CST 2019]; root of context hierarchy
2019-09-26 22:52:35,847 62     [           main] INFO  ry.xml.XmlBeanDefinitionReader  - Loading XML bean definitions from class path resource [ApplicationContext.xml]
2019-09-27 08:35:35,522 0      [           main] INFO  ClassPathXmlApplicationContext  - Refreshing org.springframework.context.support.ClassPathXmlApplicationContext@566776ad: startup date [Fri Sep 27 08:35:35 CST 2019]; root of context hierarchy
2019-09-27 08:35:35,609 87     [           main] INFO  ry.xml.XmlBeanDefinitionReader  - Loading XML bean definitions from class path resource [ApplicationContext.xml]
2019-09-27 09:02:34,952 0      [           main] INFO  ClassPathXmlApplicationContext  - Refreshing org.springframework.context.support.ClassPathXmlApplicationContext@566776ad: startup date [Fri Sep 27 09:02:34 CST 2019]; root of context hierarchy
2019-09-27 09:02:35,015 63     [           main] INFO  ry.xml.XmlBeanDefinitionReader  - Loading XML bean definitions from class path resource [ApplicationContext.xml]
2019-09-27 09:09:17,294 0      [           main] INFO  ClassPathXmlApplicationContext  - Refreshing org.springframework.context.support.ClassPathXmlApplicationContext@566776ad: startup date [Fri Sep 27 09:09:17 CST 2019]; root of context hierarchy
2019-09-27 09:09:17,338 44     [           main] INFO  ry.xml.XmlBeanDefinitionReader  - Loading XML bean definitions from class path resource [ApplicationContext.xml]
2019-09-27 11:02:11,859 0      [           main] INFO  ClassPathXmlApplicationContext  - Refreshing org.springframework.context.support.ClassPathXmlApplicationContext@1a407d53: startup date [Fri Sep 27 11:02:11 CST 2019]; root of context hierarchy
2019-09-27 11:02:11,904 45     [           main] INFO  ry.xml.XmlBeanDefinitionReader  - Loading XML bean definitions from class path resource [ApplicationContext.xml]
2019-09-27 11:02:41,047 0      [           main] INFO  ClassPathXmlApplicationContext  - Refreshing org.springframework.context.support.ClassPathXmlApplicationContext@1a407d53: startup date [Fri Sep 27 11:02:41 CST 2019]; root of context hierarchy
2019-09-27 11:02:41,092 45     [           main] INFO  ry.xml.XmlBeanDefinitionReader  - Loading XML bean definitions from class path resource [ApplicationContext.xml]
2019-09-27 11:03:01,120 0      [           main] INFO  ClassPathXmlApplicationContext  - Refreshing org.springframework.context.support.ClassPathXmlApplicationContext@1a407d53: startup date [Fri Sep 27 11:03:01 CST 2019]; root of context hierarchy
2019-09-27 11:03:01,170 50     [           main] INFO  ry.xml.XmlBeanDefinitionReader  - Loading XML bean definitions from class path resource [ApplicationContext.xml]
2019-09-27 11:03:17,663 0      [           main] INFO  ClassPathXmlApplicationContext  - Refreshing org.springframework.context.support.ClassPathXmlApplicationContext@1a407d53: startup date [Fri Sep 27 11:03:17 CST 2019]; root of context hierarchy
2019-09-27 11:03:17,707 44     [           main] INFO  ry.xml.XmlBeanDefinitionReader  - Loading XML bean definitions from class path resource [ApplicationContext.xml]
2019-09-27 11:03:32,851 0      [           main] INFO  ClassPathXmlApplicationContext  - Refreshing org.springframework.context.support.ClassPathXmlApplicationContext@1a407d53: startup date [Fri Sep 27 11:03:32 CST 2019]; root of context hierarchy
2019-09-27 11:03:32,897 46     [           main] INFO  ry.xml.XmlBeanDefinitionReader  - Loading XML bean definitions from class path resource [ApplicationContext.xml]
2019-09-27 11:03:53,711 0      [           main] INFO  ClassPathXmlApplicationContext  - Refreshing org.springframework.context.support.ClassPathXmlApplicationContext@1a407d53: startup date [Fri Sep 27 11:03:53 CST 2019]; root of context hierarchy
2019-09-27 11:03:53,761 50     [           main] INFO  ry.xml.XmlBeanDefinitionReader  - Loading XML bean definitions from class path resource [ApplicationContext.xml]
2019-09-27 15:47:31,056 0      [           main] INFO  ClassPathXmlApplicationContext  - Refreshing org.springframework.context.support.ClassPathXmlApplicationContext@380fb434: startup date [Fri Sep 27 15:47:31 CST 2019]; root of context hierarchy
2019-09-27 15:47:31,147 91     [           main] INFO  ry.xml.XmlBeanDefinitionReader  - Loading XML bean definitions from class path resource [ApplicationContext.xml]
2019-09-27 15:47:31,559 503    [           main] INFO         com.mchange.v2.log.MLog  - MLog clients using log4j logging.
2019-09-27 15:47:31,562 506    [           main] WARN  ClassPathXmlApplicationContext  - Exception encountered during context initialization - cancelling refresh attempt: org.springframework.beans.factory.UnsatisfiedDependencyException: Error creating bean with name 'accountService': Unsatisfied dependency expressed through field 'accountDao'; nested exception is org.springframework.beans.factory.UnsatisfiedDependencyException: Error creating bean with name 'accountDao' defined in file [D:\IDEA工程文件\ssm\target\classes\com\stx\cyber\dao\AccountDao.class]: Unsatisfied dependency expressed through bean property 'sqlSessionFactory'; nested exception is org.springframework.beans.factory.BeanCreationException: Error creating bean with name 'factory' defined in class path resource [ApplicationContext.xml]: Cannot resolve reference to bean 'dataSource' while setting bean property 'dataSource'; nested exception is org.springframework.beans.factory.BeanCreationException: Error creating bean with name 'dataSource' defined in class path resource [ApplicationContext.xml]: Instantiation of bean failed; nested exception is org.springframework.beans.BeanInstantiationException: Failed to instantiate [com.mchange.v2.c3p0.ComboPooledDataSource]: Constructor threw exception; nested exception is java.lang.NoClassDefFoundError: com/mchange/v2/cfg/MConfig
